<?xml version="1.0" encoding="UTF-8"?>
<!-- Generated by org.testng.reporters.JUnitXMLReporter -->
<testsuite ignored="0" hostname="LAPTOP-2IQ3I6J5" failures="0" tests="6" name="Default test" time="8.699" errors="0" timestamp="2026-04-11T17:55:32 IST">
  <testcase classname="com.api.tests.datadriven.CreateJobAPITest_Datadriven" name="createjobAPI" time="8.245"/>
  <testcase classname="com.api.tests.datadriven.CreateJobAPITest_Datadriven" name="createjobAPI" time="8.261"/>
  <testcase classname="com.api.tests.datadriven.CreateJobAPITest_Datadriven" name="createjobAPI" time="8.258"/>
  <testcase classname="com.api.tests.datadriven.CreateJobAPITest_Datadriven" name="createjobAPI" time="8.286"/>
  <testcase classname="com.api.tests.datadriven.CreateJobAPITest_Datadriven" name="createjobAPI" time="8.274"/>
  <testcase classname="com.api.tests.datadriven.CreateJobAPITest_Datadriven" name="createjobAPI" time="8.332"/>
</testsuite> <!-- Default test -->
