<?xml version="1.0" encoding="UTF-8"?>
<!-- Generated by org.testng.reporters.JUnitXMLReporter -->
<testsuite ignored="0" hostname="LAPTOP-2IQ3I6J5" failures="0" tests="6" name="Inwarranty Flow" time="7.984" errors="0" timestamp="2026-04-05T15:57:43 IST">
  <testcase classname="com.api.tests.LoginAPITest" name="loginapitest" time="4.517"/>
  <testcase classname="com.api.tests.UserDetailsAPITest" name="UserDetails" time="0.558"/>
  <testcase classname="com.api.tests.CountAPITest" name="countAPI_Missauth" time="0.466"/>
  <testcase classname="com.api.tests.CountAPITest" name="verifycountAPI" time="1.539"/>
  <testcase classname="com.api.tests.MasterAPITest" name="MasterAPI" time="0.579"/>
  <testcase classname="com.api.tests.MasterAPITest" name="Master_Negative" time="0.217"/>
</testsuite> <!-- Inwarranty Flow -->
