<?xml version="1.0" encoding="UTF-8"?>
<testng-results ignored="0" total="1" passed="1" failed="0" skipped="0">
  <reporter-output>
  </reporter-output>
  <suite started-at="2026-04-08T09:05:21 IST" name="Default suite" finished-at="2026-04-08T09:05:27 IST" duration-ms="5376">
    <groups>
    </groups>
    <test started-at="2026-04-08T09:05:21 IST" name="Default test" finished-at="2026-04-08T09:05:27 IST" duration-ms="5376">
      <class name="com.api.tests.CreateJobAPITest_payload">
        <test-method signature="createjobAPI()[pri:0, instance:com.api.tests.CreateJobAPITest_payload@4b45a2f5]" started-at="2026-04-08T09:05:21 IST" name="createjobAPI" finished-at="2026-04-08T09:05:27 IST" duration-ms="5308" status="PASS">
          <reporter-output>
          </reporter-output>
        </test-method> <!-- createjobAPI -->
      </class> <!-- com.api.tests.CreateJobAPITest_payload -->
    </test> <!-- Default test -->
  </suite> <!-- Default suite -->
</testng-results>
