<?xml version="1.0" encoding="UTF-8"?>
<testng-results ignored="0" total="1" passed="1" failed="0" skipped="0">
  <reporter-output>
  </reporter-output>
  <suite started-at="2026-05-02T16:38:30 IST" name="Default suite" finished-at="2026-05-02T16:38:39 IST" duration-ms="8772">
    <groups>
      <group name="smoke">
        <method signature="CreateJobAPITest_DBValidation.createjobAPI()[pri:0, instance:com.api.tests.CreateJobAPITest_DBValidation@2892d68]" name="createjobAPI" class="com.api.tests.CreateJobAPITest_DBValidation"/>
      </group> <!-- smoke -->
      <group name="Regression">
        <method signature="CreateJobAPITest_DBValidation.createjobAPI()[pri:0, instance:com.api.tests.CreateJobAPITest_DBValidation@2892d68]" name="createjobAPI" class="com.api.tests.CreateJobAPITest_DBValidation"/>
      </group> <!-- Regression -->
      <group name="API">
        <method signature="CreateJobAPITest_DBValidation.createjobAPI()[pri:0, instance:com.api.tests.CreateJobAPITest_DBValidation@2892d68]" name="createjobAPI" class="com.api.tests.CreateJobAPITest_DBValidation"/>
      </group> <!-- API -->
    </groups>
    <test started-at="2026-05-02T16:38:30 IST" name="Default test" finished-at="2026-05-02T16:38:39 IST" duration-ms="8772">
      <class name="com.api.tests.CreateJobAPITest_DBValidation">
        <test-method is-config="true" signature="setup()[pri:0, instance:com.api.tests.CreateJobAPITest_DBValidation@2892d68]" started-at="2026-05-02T16:38:30 IST" name="setup" description="Setups the payload for create job API" finished-at="2026-05-02T16:38:30 IST" duration-ms="28" status="PASS">
          <reporter-output>
          </reporter-output>
        </test-method> <!-- setup -->
        <test-method signature="createjobAPI()[pri:0, instance:com.api.tests.CreateJobAPITest_DBValidation@2892d68]" started-at="2026-05-02T16:38:30 IST" name="createjobAPI" description="verify of the Create JOb API is working for FD user " finished-at="2026-05-02T16:38:39 IST" duration-ms="8676" status="PASS">
          <reporter-output>
          </reporter-output>
        </test-method> <!-- createjobAPI -->
      </class> <!-- com.api.tests.CreateJobAPITest_DBValidation -->
    </test> <!-- Default test -->
  </suite> <!-- Default suite -->
</testng-results>
