<?xml version="1.0" encoding="UTF-8"?>
<!-- Generated by org.testng.reporters.JUnitReportReporter -->
<testsuite hostname="LAPTOP-2IQ3I6J5" failures="0" tests="6" name="com.api.tests.datadriven.CreateJobAPITest_Datadriven" time="49.656" errors="0" timestamp="2026-04-11T17:55:33 IST" skipped="0">
  <testcase classname="com.api.tests.datadriven.CreateJobAPITest_Datadriven" name="createjobAPI" time="8.245"/>
  <testcase classname="com.api.tests.datadriven.CreateJobAPITest_Datadriven" name="createjobAPI" time="8.332"/>
  <testcase classname="com.api.tests.datadriven.CreateJobAPITest_Datadriven" name="createjobAPI" time="8.261"/>
  <testcase classname="com.api.tests.datadriven.CreateJobAPITest_Datadriven" name="createjobAPI" time="8.274"/>
  <testcase classname="com.api.tests.datadriven.CreateJobAPITest_Datadriven" name="createjobAPI" time="8.258"/>
  <testcase classname="com.api.tests.datadriven.CreateJobAPITest_Datadriven" name="createjobAPI" time="8.286"/>
</testsuite> <!-- com.api.tests.datadriven.CreateJobAPITest_Datadriven -->
