<?xml version="1.0" encoding="UTF-8"?>
<!-- Generated by org.testng.reporters.JUnitReportReporter -->
<testsuite hostname="LAPTOP-2IQ3I6J5" failures="0" tests="10" name="com.api.tests.datadriven.CreateJobAPITest_Datadriven_faker" time="68.797" errors="0" timestamp="2026-04-13T08:32:47 IST" skipped="0">
  <testcase classname="com.api.tests.datadriven.CreateJobAPITest_Datadriven_faker" name="createjobAPI" time="6.873"/>
  <testcase classname="com.api.tests.datadriven.CreateJobAPITest_Datadriven_faker" name="createjobAPI" time="6.876"/>
  <testcase classname="com.api.tests.datadriven.CreateJobAPITest_Datadriven_faker" name="createjobAPI" time="6.873"/>
  <testcase classname="com.api.tests.datadriven.CreateJobAPITest_Datadriven_faker" name="createjobAPI" time="6.874"/>
  <testcase classname="com.api.tests.datadriven.CreateJobAPITest_Datadriven_faker" name="createjobAPI" time="6.875"/>
  <testcase classname="com.api.tests.datadriven.CreateJobAPITest_Datadriven_faker" name="createjobAPI" time="6.873"/>
  <testcase classname="com.api.tests.datadriven.CreateJobAPITest_Datadriven_faker" name="createjobAPI" time="6.874"/>
  <testcase classname="com.api.tests.datadriven.CreateJobAPITest_Datadriven_faker" name="createjobAPI" time="6.873"/>
  <testcase classname="com.api.tests.datadriven.CreateJobAPITest_Datadriven_faker" name="createjobAPI" time="6.873"/>
  <testcase classname="com.api.tests.datadriven.CreateJobAPITest_Datadriven_faker" name="createjobAPI" time="6.933"/>
</testsuite> <!-- com.api.tests.datadriven.CreateJobAPITest_Datadriven_faker -->
