<?xml version="1.0" encoding="UTF-8"?>
<!-- Generated by org.testng.reporters.JUnitReportReporter -->
<testsuite hostname="LAPTOP-2IQ3I6J5" failures="0" tests="10" name="com.api.tests.datadriven.CreateJobAPITest_Datadriven_faker" time="136.857" errors="0" timestamp="2026-04-14T08:30:01 IST" skipped="0">
  <testcase classname="com.api.tests.datadriven.CreateJobAPITest_Datadriven_faker" name="createjobAPI" time="13.678"/>
  <testcase classname="com.api.tests.datadriven.CreateJobAPITest_Datadriven_faker" name="createjobAPI" time="13.721"/>
  <testcase classname="com.api.tests.datadriven.CreateJobAPITest_Datadriven_faker" name="createjobAPI" time="13.670"/>
  <testcase classname="com.api.tests.datadriven.CreateJobAPITest_Datadriven_faker" name="createjobAPI" time="13.651"/>
  <testcase classname="com.api.tests.datadriven.CreateJobAPITest_Datadriven_faker" name="createjobAPI" time="13.692"/>
  <testcase classname="com.api.tests.datadriven.CreateJobAPITest_Datadriven_faker" name="createjobAPI" time="13.744"/>
  <testcase classname="com.api.tests.datadriven.CreateJobAPITest_Datadriven_faker" name="createjobAPI" time="13.619"/>
  <testcase classname="com.api.tests.datadriven.CreateJobAPITest_Datadriven_faker" name="createjobAPI" time="13.756"/>
  <testcase classname="com.api.tests.datadriven.CreateJobAPITest_Datadriven_faker" name="createjobAPI" time="13.658"/>
  <testcase classname="com.api.tests.datadriven.CreateJobAPITest_Datadriven_faker" name="createjobAPI" time="13.668"/>
</testsuite> <!-- com.api.tests.datadriven.CreateJobAPITest_Datadriven_faker -->
